<?xml version="1.0" encoding="UTF-8"?>
<!-- Generated by org.testng.reporters.JUnitReportReporter -->
<testsuite skipped="0" hostname="RudraDesktop" name="SeleniumTest.BradyTest" tests="20" failures="0" timestamp="24 Oct 2018 15:35:20 GMT" time="50.049" errors="0">
  <testcase name="setUp" time="14.030" classname="SeleniumTest.BradyTest"/>
  <testcase name="launchBrowser" time="10.677" classname="SeleniumTest.BradyTest"/>
  <testcase name="SignIn" time="4.755" classname="SeleniumTest.BradyTest"/>
  <testcase name="chkPerInfo" time="1.063" classname="SeleniumTest.BradyTest"/>
  <testcase name="checkingShoppingCartStatus" time="1.798" classname="SeleniumTest.BradyTest"/>
  <testcase name="clickWomenButton" time="2.412" classname="SeleniumTest.BradyTest"/>
  <testcase name="selectPinkCheckBox" time="0.080" classname="SeleniumTest.BradyTest"/>
  <testcase name="selectProduct" time="1.718" classname="SeleniumTest.BradyTest"/>
  <testcase name="addProduct" time="2.575" classname="SeleniumTest.BradyTest"/>
  <testcase name="viewAllSpecials" time="1.859" classname="SeleniumTest.BradyTest"/>
  <testcase name="addProducts1" time="0.121" classname="SeleniumTest.BradyTest"/>
  <testcase name="addProducts2" time="0.093" classname="SeleniumTest.BradyTest"/>
  <testcase name="navigateToShoppingcart" time="4.389" classname="SeleniumTest.BradyTest"/>
  <testcase name="totalNoOfItems" time="0.031" classname="SeleniumTest.BradyTest"/>
  <testcase name="discountPriceCheck" time="0.001" classname="SeleniumTest.BradyTest"/>
  <testcase name="navigateToDressesSection" time="1.606" classname="SeleniumTest.BradyTest"/>
  <testcase name="filterItems_LowestFirst" time="0.110" classname="SeleniumTest.BradyTest"/>
  <testcase name="filterItems_HighestFirst" time="0.121" classname="SeleniumTest.BradyTest"/>
  <testcase name="filterItems_ProductName_ZToA" time="0.084" classname="SeleniumTest.BradyTest"/>
  <testcase name="signOut" time="2.526" classname="SeleniumTest.BradyTest"/>
</testsuite> <!-- SeleniumTest.BradyTest -->
