<?xml version="1.0" encoding="UTF-8"?>
<!-- Generated by org.testng.reporters.JUnitReportReporter -->
<testsuite skipped="0" hostname="RudraDesktop" name="SeleniumTest.BradyTest" tests="21" failures="0" timestamp="24 Oct 2018 08:26:19 GMT" time="47.000" errors="0">
  <testcase name="setUp" time="6.471" classname="SeleniumTest.BradyTest"/>
  <testcase name="launchBrowser" time="20.597" classname="SeleniumTest.BradyTest"/>
  <testcase name="SignIn" time="4.026" classname="SeleniumTest.BradyTest"/>
  <testcase name="chkPerInfo" time="1.132" classname="SeleniumTest.BradyTest"/>
  <testcase name="checkingShoppingCartStatus" time="1.357" classname="SeleniumTest.BradyTest"/>
  <testcase name="clickWomenButton" time="1.880" classname="SeleniumTest.BradyTest"/>
  <testcase name="selectPinkCheckBox" time="0.093" classname="SeleniumTest.BradyTest"/>
  <testcase name="selectProduct" time="1.666" classname="SeleniumTest.BradyTest"/>
  <testcase name="addProduct" time="1.944" classname="SeleniumTest.BradyTest"/>
  <testcase name="viewAllSpecials" time="1.491" classname="SeleniumTest.BradyTest"/>
  <testcase name="addProducts1" time="0.100" classname="SeleniumTest.BradyTest"/>
  <testcase name="addProducts2" time="0.088" classname="SeleniumTest.BradyTest"/>
  <testcase name="navigateToShoppingcart" time="1.970" classname="SeleniumTest.BradyTest"/>
  <testcase name="totalNoOfItems" time="0.044" classname="SeleniumTest.BradyTest"/>
  <testcase name="discountPriceCheck" time="0.000" classname="SeleniumTest.BradyTest"/>
  <testcase name="navigateToDressesSection" time="1.464" classname="SeleniumTest.BradyTest"/>
  <testcase name="filterItems_LowestFirst" time="0.104" classname="SeleniumTest.BradyTest"/>
  <testcase name="filterItems_HighestFirst" time="0.095" classname="SeleniumTest.BradyTest"/>
  <testcase name="filterItems_ProductName_ZToA" time="0.091" classname="SeleniumTest.BradyTest"/>
  <testcase name="signOut" time="2.252" classname="SeleniumTest.BradyTest"/>
  <testcase name="closeBrowser" time="0.135" classname="SeleniumTest.BradyTest"/>
</testsuite> <!-- SeleniumTest.BradyTest -->
